AndroidPatternsApp/jmvp-app/build/intermediates/manifest_merge_blame_file/devDebug/manifest-merger-blame-dev-debug-report.txt
1<?xml version="1.0" encoding="utf-8"?>
2<manifest xmlns:android="http://schemas.android.com/apk/res/android"
3    package="com.woowrale.jmvp"
4    android:versionCode="1"
5    android:versionName="1.0" >
6
7    <uses-sdk
8        android:minSdkVersion="21"
8-->src\main\AndroidManifest.xml
9        android:targetSdkVersion="27" />
9-->src\main\AndroidManifest.xml
10
11    <uses-permission android:name="android.permission.INTERNET" />
11-->src\main\AndroidManifest.xml:5:5-67
11-->src\main\AndroidManifest.xml:5:22-64
12
13    <application
13-->src\main\AndroidManifest.xml:7:5-32:19
14        android:name="com.woowrale.jmvp.MainApplication"
14-->src\main\AndroidManifest.xml:8:9-57
15        android:allowBackup="true"
15-->src\main\AndroidManifest.xml:9:9-35
16        android:debuggable="true"
17        android:icon="@mipmap/ic_launcher"
17-->src\main\AndroidManifest.xml:10:9-43
18        android:label="@string/app_name"
18-->src\main\AndroidManifest.xml:11:9-41
19        android:roundIcon="@mipmap/ic_launcher_round"
19-->src\main\AndroidManifest.xml:12:9-54
20        android:supportsRtl="true"
20-->src\main\AndroidManifest.xml:13:9-35
21        android:testOnly="true"
22        android:theme="@style/AppTheme" >
22-->src\main\AndroidManifest.xml:14:9-40
23        <activity android:name="com.woowrale.jmvp.ui.search.home.SearchActivity" >
23-->src\main\AndroidManifest.xml:15:9-21:20
23-->src\main\AndroidManifest.xml:15:19-64
24            <intent-filter>
24-->src\main\AndroidManifest.xml:16:13-20:29
25                <action android:name="android.intent.action.MAIN" />
25-->src\main\AndroidManifest.xml:17:17-69
25-->src\main\AndroidManifest.xml:17:25-66
26
27                <category android:name="android.intent.category.LAUNCHER" />
27-->src\main\AndroidManifest.xml:19:17-77
27-->src\main\AndroidManifest.xml:19:27-74
28            </intent-filter>
29        </activity>
30        <activity
30-->src\main\AndroidManifest.xml:22:9-26:59
31            android:name="com.woowrale.jmvp.ui.search.local.LocalSearchActivity"
31-->src\main\AndroidManifest.xml:23:13-64
32            android:label="@string/activity_local_search"
32-->src\main\AndroidManifest.xml:24:13-58
33            android:theme="@style/AppTheme.NoActionBar"
33-->src\main\AndroidManifest.xml:26:13-56
34            android:windowSoftInputMode="stateHidden" />
34-->src\main\AndroidManifest.xml:25:13-54
35        <activity
35-->src\main\AndroidManifest.xml:27:9-31:59
36            android:name="com.woowrale.jmvp.ui.search.remote.RemoteSearchActivity"
36-->src\main\AndroidManifest.xml:28:13-66
37            android:label="@string/activity_remote_search"
37-->src\main\AndroidManifest.xml:29:13-59
38            android:theme="@style/AppTheme.NoActionBar"
38-->src\main\AndroidManifest.xml:31:13-56
39            android:windowSoftInputMode="stateHidden" />
39-->src\main\AndroidManifest.xml:30:13-54
40    </application>
41
42</manifest>